<?xml version="1.0" encoding="UTF-8"?>
<!-- Generated by org.testng.reporters.JUnitReportReporter -->
<testsuite hostname="DESKTOP-SADHANA" failures="0" tests="2" name="testPackage.TestClass_TestNG" time="0.005" errors="0" timestamp="2022-09-05T12:57:40 IST" skipped="0">
  <testcase classname="testPackage.TestClass_TestNG" name="testB" time="0.004"/>
  <system-out/>
  <testcase classname="testPackage.TestClass_TestNG" name="testC" time="0.001"/>
  <system-out/>
</testsuite> <!-- testPackage.TestClass_TestNG -->
